{"C:\\Users\\dev\\fullstackmaster\\module6\\convertmymoney\\lib\\bcp.api.js": {"path":"C:\\Users\\dev\\fullstackmaster\\module6\\convertmymoney\\lib\\bcp.api.js","statementMap":{"0":{"start":{"line":1,"column":14},"end":{"line":1,"column":30}},"1":{"start":{"line":3,"column":15},"end":{"line":3,"column":230}},"2":{"start":{"line":3,"column":25},"end":{"line":3,"column":230}},"3":{"start":{"line":4,"column":22},"end":{"line":4,"column":45}},"4":{"start":{"line":4,"column":31},"end":{"line":4,"column":45}},"5":{"start":{"line":5,"column":23},"end":{"line":5,"column":62}},"6":{"start":{"line":5,"column":32},"end":{"line":5,"column":62}},"7":{"start":{"line":6,"column":17},"end":{"line":9,"column":1}},"8":{"start":{"line":7,"column":16},"end":{"line":7,"column":26}},"9":{"start":{"line":8,"column":2},"end":{"line":8,"column":81}},"10":{"start":{"line":10,"column":19},"end":{"line":20,"column":1}},"11":{"start":{"line":10,"column":76},"end":{"line":20,"column":1}},"12":{"start":{"line":11,"column":2},"end":{"line":19,"column":3}},"13":{"start":{"line":12,"column":18},"end":{"line":12,"column":28}},"14":{"start":{"line":13,"column":16},"end":{"line":13,"column":29}},"15":{"start":{"line":14,"column":16},"end":{"line":14,"column":40}},"16":{"start":{"line":15,"column":20},"end":{"line":15,"column":39}},"17":{"start":{"line":16,"column":4},"end":{"line":16,"column":18}},"18":{"start":{"line":18,"column":4},"end":{"line":18,"column":13}},"19":{"start":{"line":22,"column":0},"end":{"line":31,"column":1}}},"fnMap":{"0":{"name":"(anonymous_0)","decl":{"start":{"line":3,"column":15},"end":{"line":3,"column":16}},"loc":{"start":{"line":3,"column":25},"end":{"line":3,"column":230}},"line":3},"1":{"name":"(anonymous_1)","decl":{"start":{"line":4,"column":22},"end":{"line":4,"column":23}},"loc":{"start":{"line":4,"column":31},"end":{"line":4,"column":45}},"line":4},"2":{"name":"(anonymous_2)","decl":{"start":{"line":5,"column":23},"end":{"line":5,"column":24}},"loc":{"start":{"line":5,"column":32},"end":{"line":5,"column":62}},"line":5},"3":{"name":"(anonymous_3)","decl":{"start":{"line":6,"column":17},"end":{"line":6,"column":18}},"loc":{"start":{"line":6,"column":23},"end":{"line":9,"column":1}},"line":6},"4":{"name":"(anonymous_4)","decl":{"start":{"line":10,"column":19},"end":{"line":10,"column":20}},"loc":{"start":{"line":10,"column":76},"end":{"line":20,"column":1}},"line":10},"5":{"name":"(anonymous_5)","decl":{"start":{"line":10,"column":76},"end":{"line":10,"column":77}},"loc":{"start":{"line":10,"column":88},"end":{"line":20,"column":1}},"line":10}},"branchMap":{},"s":{"0":1,"1":1,"2":1,"3":1,"4":1,"5":1,"6":1,"7":1,"8":1,"9":1,"10":1,"11":3,"12":2,"13":2,"14":2,"15":2,"16":1,"17":1,"18":1,"19":1},"f":{"0":1,"1":1,"2":1,"3":1,"4":3,"5":2},"b":{},"_coverageSchema":"43e27e138ebf9cfc5966b082cf9a028302ed4184","hash":"87781ff76c4b5ac7aa22a40a723a29c4951db82b"}
,"C:\\Users\\dev\\fullstackmaster\\module6\\convertmymoney\\lib\\convert.js": {"path":"C:\\Users\\dev\\fullstackmaster\\module6\\convertmymoney\\lib\\convert.js","statementMap":{"0":{"start":{"line":1,"column":16},"end":{"line":1,"column":61}},"1":{"start":{"line":1,"column":41},"end":{"line":1,"column":61}},"2":{"start":{"line":2,"column":16},"end":{"line":2,"column":55}},"3":{"start":{"line":2,"column":27},"end":{"line":2,"column":55}},"4":{"start":{"line":4,"column":0},"end":{"line":7,"column":2}}},"fnMap":{"0":{"name":"(anonymous_0)","decl":{"start":{"line":1,"column":16},"end":{"line":1,"column":17}},"loc":{"start":{"line":1,"column":41},"end":{"line":1,"column":61}},"line":1},"1":{"name":"(anonymous_1)","decl":{"start":{"line":2,"column":16},"end":{"line":2,"column":17}},"loc":{"start":{"line":2,"column":27},"end":{"line":2,"column":55}},"line":2}},"branchMap":{},"s":{"0":1,"1":2,"2":1,"3":2,"4":1},"f":{"0":2,"1":2},"b":{},"_coverageSchema":"43e27e138ebf9cfc5966b082cf9a028302ed4184","hash":"b81065bbce99df9183133260047d5a479ba376c0"}
}
